<?xml version="1.0" encoding="UTF-8"?>
<!-- Generated by org.testng.reporters.JUnitReportReporter -->
<testsuite skipped="0" hostname="KLM115009" name="test.Test" tests="1" failures="0" timestamp="07 Jun 2018 14:25:50 GMT" time="9.766" errors="0">
  <testcase name="addComputer" time="9.766" classname="test.Test"/>
</testsuite> <!-- test.Test -->
